============================= test session starts =============================
platform win32 -- Python 3.14.7, pytest-9.1.1, pluggy-1.6.0 -- C:\Users\dangk\miniconda3\envs\multimodal-caption-diffusion\python.exe
cachedir: .pytest_cache
rootdir: C:\CODE\MAIN\multimodal-caption-diffusion
collecting ... collected 90 items

tests/test_blocks.py::test_residual_block_same_channels PASSED           [  1%]
tests/test_blocks.py::test_residual_block_changes_channels PASSED        [  2%]
tests/test_blocks.py::test_residual_block_uses_time_embedding PASSED     [  3%]
tests/test_blocks.py::test_residual_block_has_gradients PASSED           [  4%]
tests/test_blocks.py::test_downsample_halves_spatial_size PASSED         [  5%]
tests/test_blocks.py::test_upsample_doubles_spatial_size PASSED          [  6%]
tests/test_blocks.py::test_downsample_then_upsample_restores_shape PASSED [  7%]
tests/test_blocks.py::test_downsample_rejects_odd_spatial_size PASSED    [  8%]
tests/test_blocks.py::test_downsample_and_upsample_have_gradients PASSED [ 10%]
tests/test_coco.py::test_load_valid_coco_document PASSED                 [ 11%]
tests/test_coco.py::test_invalid_polygon_coordinates_raise_error PASSED  [ 12%]
tests/test_coco.py::test_duplicate_image_id_raises_error PASSED          [ 13%]
tests/test_coco.py::test_missing_image_reference_raises_error PASSED     [ 14%]
tests/test_coco.py::test_build_coco_indexes PASSED                       [ 15%]
tests/test_coco.py::test_index_includes_image_without_annotations PASSED [ 16%]
tests/test_coco.py::test_iter_instances PASSED                           [ 17%]
tests/test_coco.py::test_iter_instances_multiple_annotations PASSED      [ 18%]
tests/test_ddpm_scheduler.py::test_extract_for_image_batch PASSED        [ 20%]
tests/test_ddpm_scheduler.py::test_ddpm_q_sample_shape PASSED            [ 21%]
tests/test_ddpm_scheduler.py::test_ddpm_q_sample_matches_formula PASSED  [ 22%]
tests/test_ddpm_scheduler.py::test_posterior_variance_and_coefficients PASSED [ 23%]
tests/test_ddpm_scheduler.py::test_p_mean_variance_shapes PASSED         [ 24%]
tests/test_ddpm_scheduler.py::test_p_mean_variance_clips_predicted_x0 PASSED [ 25%]
tests/test_ddpm_scheduler.py::test_p_mean_matches_epsilon_formula_without_clipping PASSED [ 26%]
tests/test_ddpm_scheduler.py::test_p_sample_t_zero_has_no_random_noise PASSED [ 27%]
tests/test_ddpm_scheduler.py::test_p_sample_t_positive_is_stochastic PASSED [ 28%]
tests/test_embeddings.py::test_timestep_embedding_shape PASSED           [ 30%]
tests/test_embeddings.py::test_same_timestep_same_embedding PASSED       [ 31%]
tests/test_embeddings.py::test_different_timesteps_different_embedding PASSED [ 32%]
tests/test_embeddings.py::test_timestep_zero_cos_sin_structure PASSED    [ 33%]
tests/test_embeddings.py::test_odd_embedding_dimension PASSED            [ 34%]
tests/test_embeddings.py::test_timestep_mlp_shape PASSED                 [ 35%]
tests/test_embeddings.py::test_timestep_mlp_preserves_batch_size PASSED  [ 36%]
tests/test_embeddings.py::test_timestep_mlp_has_gradients PASSED         [ 37%]
tests/test_embeddings.py::test_timestep_mlp_invalid_feature_dimension PASSED [ 38%]
tests/test_f0_gaussian_mixture.py::test_gaussian_mixture_shape PASSED    [ 40%]
tests/test_f0_gaussian_mixture.py::test_gaussian_mixture_mean PASSED     [ 41%]
tests/test_f0_ode.py::test_euler_trajectory_shape PASSED                 [ 42%]
tests/test_f0_ode.py::test_euler_values_are_finite PASSED                [ 43%]
tests/test_f0_ode.py::test_euler_error_decreases_with_smaller_dt PASSED  [ 44%]
tests/test_f0_score.py::test_gaussian_score_identity_covariance PASSED   [ 45%]
tests/test_f0_score.py::test_gaussian_score_at_mean_is_zero PASSED       [ 46%]
tests/test_f0_score.py::test_gaussian_score_is_finite PASSED             [ 47%]
tests/test_f0_score.py::test_gaussian_score_matches_finite_difference PASSED [ 48%]
tests/test_f0_statistics.py::test_gaussian_2d_statistics PASSED          [ 50%]
tests/test_product_dataset.py::test_product_dataset_length PASSED        [ 51%]
tests/test_product_dataset.py::test_product_dataset_item PASSED          [ 52%]
tests/test_product_dataset.py::test_product_dataset_dataloader PASSED    [ 53%]
tests/test_product_preprocessing.py::test_polygon_to_mask_rectangle PASSED [ 54%]
tests/test_product_preprocessing.py::test_polygon_to_mask_background_is_zero PASSED [ 55%]
tests/test_product_preprocessing.py::test_mask_bounds PASSED             [ 56%]
tests/test_product_preprocessing.py::test_mask_bounds_touching_image_edge PASSED [ 57%]
tests/test_product_preprocessing.py::test_mask_bounds_empty_mask_raises_error PASSED [ 58%]
tests/test_product_preprocessing.py::test_expand_bounds PASSED           [ 60%]
tests/test_product_preprocessing.py::test_expand_bounds_clips_to_image_edges PASSED [ 61%]
tests/test_product_preprocessing.py::test_expand_bounds_clips_right_and_bottom_edges PASSED [ 62%]
tests/test_product_preprocessing.py::test_expand_bounds_negative_margin_raises_error PASSED [ 63%]
tests/test_product_preprocessing.py::test_apply_mask_white_background PASSED [ 64%]
tests/test_product_preprocessing.py::test_apply_mask_does_not_modify_input PASSED [ 65%]
tests/test_product_preprocessing.py::test_apply_mask_shape_mismatch_raises_error PASSED [ 66%]
tests/test_product_preprocessing.py::test_crop_to_bounds PASSED          [ 67%]
tests/test_product_preprocessing.py::test_crop_to_bounds_invalid_bounds PASSED [ 68%]
tests/test_product_preprocessing.py::test_letterbox_square_output_shape PASSED [ 70%]
tests/test_product_preprocessing.py::test_letterbox_square_preserves_portrait_ratio PASSED [ 71%]
tests/test_product_preprocessing.py::test_letterbox_square_preserves_landscape_ratio PASSED [ 72%]
tests/test_product_preprocessing.py::test_prepare_instance_output PASSED [ 73%]
tests/test_sampler.py::test_sample_ddpm_shape PASSED                     [ 74%]
tests/test_sampler.py::test_sample_ddpm_is_deterministic_with_generator PASSED [ 75%]
tests/test_sampler.py::test_sample_ddpm_different_seeds PASSED           [ 76%]
tests/test_sampler.py::test_sample_ddpm_returns_trajectory PASSED        [ 77%]
tests/test_scheduler.py::test_linear_beta_schedule_shape PASSED          [ 78%]
tests/test_scheduler.py::test_linear_beta_schedule_range PASSED          [ 80%]
tests/test_scheduler.py::test_linear_beta_schedule_is_increasing PASSED  [ 81%]
tests/test_scheduler.py::test_diffusion_coefficients PASSED              [ 82%]
tests/test_scheduler.py::test_q_sample_shape PASSED                      [ 83%]
tests/test_scheduler.py::test_q_sample_is_finite PASSED                  [ 84%]
tests/test_scheduler.py::test_q_sample_matches_formula PASSED            [ 85%]
tests/test_scheduler.py::test_q_sample_iterative_shape PASSED            [ 86%]
tests/test_scheduler.py::test_closed_form_matches_iterative_distribution PASSED [ 87%]
tests/test_trainer.py::test_diffusion_loss_is_scalar PASSED              [ 88%]
tests/test_trainer.py::test_diffusion_loss_backward PASSED               [ 90%]
tests/test_trainer.py::test_diffusion_loss_matches_expected_mse PASSED   [ 91%]
tests/test_trainer.py::test_training_step_updates_parameters PASSED      [ 92%]
tests/test_trainer.py::test_training_step_batch_size PASSED              [ 93%]
tests/test_trainer.py::test_train_epoch PASSED                           [ 94%]
tests/test_trainer.py::test_validate_epoch_does_not_update_parameters PASSED [ 95%]
tests/test_unet.py::test_unet_output_shape PASSED                        [ 96%]
tests/test_unet.py::test_unet_uses_timesteps PASSED                      [ 97%]
tests/test_unet.py::test_unet_backward_has_finite_gradients PASSED       [ 98%]
tests/test_unet.py::test_unet_parameter_count PASSED                     [100%]

============================= 90 passed in 8.24s ==============================
